<!--suppress ALL -->

<jboss-web>
	<security-domain>ebegu-test</security-domain>
</jboss-web>
